mode: set
github.com/jr-frazier/go-testing/main.go:11.13,29.2 6 0
github.com/jr-frazier/go-testing/main.go:31.40,34.6 2 0
github.com/jr-frazier/go-testing/main.go:34.6,37.11 2 0
github.com/jr-frazier/go-testing/main.go:42.3,43.11 2 0
github.com/jr-frazier/go-testing/main.go:37.11,40.4 2 0
github.com/jr-frazier/go-testing/main.go:47.58,52.44 2 0
github.com/jr-frazier/go-testing/main.go:57.2,58.16 2 0
github.com/jr-frazier/go-testing/main.go:62.2,64.19 2 0
github.com/jr-frazier/go-testing/main.go:52.44,54.3 1 0
github.com/jr-frazier/go-testing/main.go:58.16,60.3 1 0
github.com/jr-frazier/go-testing/main.go:67.14,72.2 4 0
github.com/jr-frazier/go-testing/main.go:74.15,76.2 1 0
github.com/jr-frazier/go-testing/main.go:78.36,80.22 1 1
github.com/jr-frazier/go-testing/main.go:85.2,85.11 1 1
github.com/jr-frazier/go-testing/main.go:90.2,90.28 1 1
github.com/jr-frazier/go-testing/main.go:97.2,97.54 1 1
github.com/jr-frazier/go-testing/main.go:80.22,82.3 1 1
github.com/jr-frazier/go-testing/main.go:85.11,87.3 1 1
github.com/jr-frazier/go-testing/main.go:90.28,91.15 1 1
github.com/jr-frazier/go-testing/main.go:91.15,94.4 1 1
